[    0.000000] Initializing cgroup subsys cpuset
[    0.000000] Initializing cgroup subsys cpu
[    0.000000] Initializing cgroup subsys cpuacct
[    0.000000] Linux version 4.4.0-210-generic (buildd@lgw01-amd64-009) (gcc version 5.4.0 20160609 (Ubuntu 5.4.0-6ubuntu1~16.04.12) ) #242-Ubuntu SMP Fri Apr 16 09:57:56 UTC 2021 (Ubuntu 4.4.0-210.242-generic 4.4.262)
[    0.000000] Command line: BOOT_IMAGE=/boot/vmlinuz-4.4.0-210-generic root=LABEL=cloudimg-rootfs ro console=tty1 console=ttyS0
[    0.000000] KERNEL supported cpus:
[    0.000000]   Intel GenuineIntel
[    0.000000]   AMD AuthenticAMD
[    0.000000]   Centaur CentaurHauls
[    0.000000] x86/fpu: Legacy x87 FPU detected.
[    0.000000] e820: BIOS-provided physical RAM map:
[    0.000000] BIOS-e820: [mem 0x0000000000000000-0x000000000009fbff] usable
[    0.000000] BIOS-e820: [mem 0x000000000009fc00-0x000000000009ffff] reserved
[    0.000000] BIOS-e820: [mem 0x00000000000f0000-0x00000000000fffff] reserved
[    0.000000] BIOS-e820: [mem 0x0000000000100000-0x000000003ffeffff] usable
[    0.000000] BIOS-e820: [mem 0x000000003fff0000-0x000000003fffffff] ACPI data
[    0.000000] BIOS-e820: [mem 0x00000000fec00000-0x00000000fec00fff] reserved
[    0.000000] BIOS-e820: [mem 0x00000000fee00000-0x00000000fee00fff] reserved
[    0.000000] BIOS-e820: [mem 0x00000000fffc0000-0x00000000ffffffff] reserved
[    0.000000] NX (Execute Disable) protection: active
[    0.000000] SMBIOS 2.5 present.
[    0.000000] Hypervisor detected: KVM
[    0.000000] e820: last_pfn = 0x3fff0 max_arch_pfn = 0x400000000
[    0.000000] MTRR: Disabled
[    0.000000] x86/PAT: MTRRs disabled, skipping PAT initialization too.
[    0.000000] CPU MTRRs all blank - virtualized system.
[    0.000000] x86/PAT: Configuration [0-7]: WB  WT  UC- UC  WB  WT  UC- UC  
[    0.000000] found SMP MP-table at [mem 0x0009fff0-0x0009ffff] mapped at [ffff88000009fff0]
[    0.000000] Scanning 1 areas for low memory corruption
[    0.000000] RAMDISK: [mem 0x362dc000-0x37165fff]
[    0.000000] ACPI: Early table checksum verification disabled
[    0.000000] ACPI: RSDP 0x00000000000E0000 000024 (v02 VBOX  )
[    0.000000] ACPI: XSDT 0x000000003FFF0030 00003C (v01 VBOX   VBOXXSDT 00000001 ASL  00000061)
[    0.000000] ACPI: FACP 0x000000003FFF00F0 0000F4 (v04 VBOX   VBOXFACP 00000001 ASL  00000061)
[    0.000000] ACPI: DSDT 0x000000003FFF0470 002325 (v02 VBOX   VBOXBIOS 00000002 INTL 20100528)
[    0.000000] ACPI: FACS 0x000000003FFF0200 000040
[    0.000000] ACPI: FACS 0x000000003FFF0200 000040
[    0.000000] ACPI: APIC 0x000000003FFF0240 00005C (v02 VBOX   VBOXAPIC 00000001 ASL  00000061)
[    0.000000] ACPI: SSDT 0x000000003FFF02A0 0001CC (v01 VBOX   VBOXCPUT 00000002 INTL 20100528)
[    0.000000] No NUMA configuration found
[    0.000000] Faking a node at [mem 0x0000000000000000-0x000000003ffeffff]
[    0.000000] NODE_DATA(0) allocated [mem 0x3ffeb000-0x3ffeffff]
[    0.000000] kvm-clock: Using msrs 4b564d01 and 4b564d00
[    0.000000] kvm-clock: cpu 0, msr 0:3ffe3001, primary cpu clock
[    0.000000] kvm-clock: using sched offset of 6542117207 cycles
[    0.000000] clocksource: kvm-clock: mask: 0xffffffffffffffff max_cycles: 0x1cd42e4dffb, max_idle_ns: 881590591483 ns
[    0.000000] Zone ranges:
[    0.000000]   DMA      [mem 0x0000000000001000-0x0000000000ffffff]
[    0.000000]   DMA32    [mem 0x0000000001000000-0x000000003ffeffff]
[    0.000000]   Normal   empty
[    0.000000]   Device   empty
[    0.000000] Movable zone start for each node
[    0.000000] Early memory node ranges
[    0.000000]   node   0: [mem 0x0000000000001000-0x000000000009efff]
[    0.000000]   node   0: [mem 0x0000000000100000-0x000000003ffeffff]
[    0.000000] Initmem setup node 0 [mem 0x0000000000001000-0x000000003ffeffff]
[    0.000000] ACPI: PM-Timer IO Port: 0x4008
[    0.000000] IOAPIC[0]: apic_id 2, version 32, address 0xfec00000, GSI 0-23
[    0.000000] ACPI: INT_SRC_OVR (bus 0 bus_irq 0 global_irq 2 dfl dfl)
[    0.000000] ACPI: INT_SRC_OVR (bus 0 bus_irq 9 global_irq 9 low level)
[    0.000000] Using ACPI (MADT) for SMP configuration information
[    0.000000] smpboot: Allowing 2 CPUs, 0 hotplug CPUs
[    0.000000] PM: Registered nosave memory: [mem 0x00000000-0x00000fff]
[    0.000000] PM: Registered nosave memory: [mem 0x0009f000-0x0009ffff]
[    0.000000] PM: Registered nosave memory: [mem 0x000a0000-0x000effff]
[    0.000000] PM: Registered nosave memory: [mem 0x000f0000-0x000fffff]
[    0.000000] e820: [mem 0x40000000-0xfebfffff] available for PCI devices
[    0.000000] Booting paravirtualized kernel on KVM
[    0.000000] clocksource: refined-jiffies: mask: 0xffffffff max_cycles: 0xffffffff, max_idle_ns: 7645519600211568 ns
[    0.000000] setup_percpu: NR_CPUS:512 nr_cpumask_bits:512 nr_cpu_ids:2 nr_node_ids:1
[    0.000000] PERCPU: Embedded 33 pages/cpu @ffff88003fc00000 s95192 r8192 d31784 u1048576
[    0.000000] Built 1 zonelists in Node order, mobility grouping on.  Total pages: 257912
[    0.000000] Policy zone: DMA32
[    0.000000] Kernel command line: BOOT_IMAGE=/boot/vmlinuz-4.4.0-210-generic root=LABEL=cloudimg-rootfs ro console=tty1 console=ttyS0
[    0.000000] PID hash table entries: 4096 (order: 3, 32768 bytes)
[    0.000000] Memory: 997792K/1048120K available (8644K kernel code, 1332K rwdata, 4044K rodata, 1492K init, 1164K bss, 50328K reserved, 0K cma-reserved)
[    0.000000] SLUB: HWalign=64, Order=0-3, MinObjects=0, CPUs=2, Nodes=1
[    0.000000] Kernel/User page tables isolation: enabled
[    0.000000] Hierarchical RCU implementation.
[    0.000000] 	Build-time adjustment of leaf fanout to 64.
[    0.000000] 	RCU restricting CPUs from NR_CPUS=512 to nr_cpu_ids=2.
[    0.000000] RCU: Adjusting geometry for rcu_fanout_leaf=64, nr_cpu_ids=2
[    0.000000] NR_IRQS:33024 nr_irqs:440 16
[    0.000000] Console: colour VGA+ 80x25
[    0.000000] console [tty1] enabled
[    0.000000] console [ttyS0] enabled
[    0.000000] tsc: Detected 2495.998 MHz processor
[    1.294934] Calibrating delay loop (skipped) preset value.. 4991.99 BogoMIPS (lpj=9983992)
[    1.308310] pid_max: default: 32768 minimum: 301
[    1.326245] ACPI: Core revision 20150930
[    1.341017] ACPI: 2 ACPI AML tables successfully acquired and loaded
[    1.365159] Security Framework initialized
[    1.380589] Yama: becoming mindful.
[    1.395440] AppArmor: AppArmor initialized
[    1.410750] Dentry cache hash table entries: 131072 (order: 8, 1048576 bytes)
[    1.449203] Inode-cache hash table entries: 65536 (order: 7, 524288 bytes)
[    1.481310] Mount-cache hash table entries: 2048 (order: 2, 16384 bytes)
[    1.506426] Mountpoint-cache hash table entries: 2048 (order: 2, 16384 bytes)
[    1.531799] Initializing cgroup subsys io
[    1.542906] Initializing cgroup subsys memory
[    1.550497] Initializing cgroup subsys devices
[    1.560608] Initializing cgroup subsys freezer
[    1.572804] Initializing cgroup subsys net_cls
[    1.592624] Initializing cgroup subsys perf_event
[    1.608301] Initializing cgroup subsys net_prio
[    1.621006] Initializing cgroup subsys hugetlb
[    1.635355] Initializing cgroup subsys pids
[    1.648750] mce: CPU supports 0 MCE banks
[    1.664036] Last level iTLB entries: 4KB 64, 2MB 8, 4MB 8
[    1.688406] Last level dTLB entries: 4KB 64, 2MB 0, 4MB 0, 1GB 4
[    1.715489] Spectre V1 : Mitigation: usercopy/swapgs barriers and __user pointer sanitization
[    1.747584] Spectre V2 : Mitigation: Full generic retpoline
[    1.769526] Spectre V2 : Spectre v2 / SpectreRSB mitigation: Filling RSB on context switch
[    1.795211] Speculative Store Bypass: Vulnerable
[    1.807638] MDS: Mitigation: Clear CPU buffers
[    1.929460] Freeing SMP alternatives memory: 36K
[    2.167196] ftrace: allocating 32380 entries in 127 pages
[    3.660185] smpboot: APIC(0) Converting physical 0 to logical package 0
[    3.693809] smpboot: Max logical packages: 1
[    3.757595] ..TIMER: vector=0x30 apic1=0 pin1=2 apic2=-1 pin2=-1
[    3.884241] smpboot: CPU0: Intel(R) Core(TM) i7-7660U CPU @ 2.50GHz (family: 0x6, model: 0x8e, stepping: 0x9)
[    3.922319] Performance Events: unsupported p6 CPU model 142 no PMU driver, software events only.
[    4.233940] KVM setup paravirtual spinlock
[    4.251162] x86: Booting SMP configuration:
[    4.262434] .... node  #0, CPUs:      #1
[    4.278619] kvm-clock: cpu 1, msr 0:3ffe3041, secondary cpu clock
[    4.290507] mce: CPU supports 0 MCE banks
[    4.298181] TSC synchronization [CPU#0 -> CPU#1]:
[    4.310914] Measured 126052 cycles TSC warp between CPUs, turning off TSC clock.
[    4.326837] tsc: Marking TSC unstable due to check_tsc_sync_source failed
[    1.036059] x86: Booted up 1 node, 2 CPUs
[    1.044012] smpboot: Total of 2 processors activated (9983.99 BogoMIPS)
[    1.068700] devtmpfs: initialized
[    1.082930] evm: security.selinux
[    1.084007] evm: security.SMACK64
[    1.088008] evm: security.SMACK64EXEC
[    1.092010] evm: security.SMACK64TRANSMUTE
[    1.096013] evm: security.SMACK64MMAP
[    1.100012] evm: security.ima
[    1.104162] evm: security.capability
[    1.112315] clocksource: jiffies: mask: 0xffffffff max_cycles: 0xffffffff, max_idle_ns: 7645041785100000 ns
[    1.116032] futex hash table entries: 512 (order: 3, 32768 bytes)
[    1.120816] pinctrl core: initialized pinctrl subsystem
[    1.125306] RTC time:  1:43:42, date: 08/30/21
[    1.130259] NET: Registered protocol family 16
[    1.144023] cpuidle: using governor ladder
[    1.160022] cpuidle: using governor menu
[    1.164020] PCCT header not found.
[    1.168179] ACPI: bus type PCI registered
[    1.172008] acpiphp: ACPI Hot Plug PCI Controller Driver version: 0.5
[    1.177186] PCI: Using configuration type 1 for base access
[    1.212768] ACPI: Added _OSI(Module Device)
[    1.220010] ACPI: Added _OSI(Processor Device)
[    1.224007] ACPI: Added _OSI(3.0 _SCP Extensions)
[    1.228007] ACPI: Added _OSI(Processor Aggregator Device)
[    1.237129] ACPI: Executed 1 blocks of module-level executable AML code
[    1.256231] ACPI: Interpreter enabled
[    1.260031] ACPI: (supports S0 S5)
[    1.264005] ACPI: Using IOAPIC for interrupt routing
[    1.268732] PCI: Using host bridge windows from ACPI; if necessary, use "pci=nocrs" and report a bug
[    1.292683] ACPI: PCI Root Bridge [PCI0] (domain 0000 [bus 00-ff])
[    1.296019] acpi PNP0A03:00: _OSC: OS supports [ASPM ClockPM Segments MSI]
[    1.304046] acpi PNP0A03:00: _OSC: not requesting OS control; OS requires [ExtendedConfig ASPM ClockPM MSI]
[    1.308021] acpi PNP0A03:00: fail to add MMCONFIG information, can't access extended PCI configuration space under this bridge.
[    1.317463] PCI host bridge to bus 0000:00
[    1.320012] pci_bus 0000:00: root bus resource [io  0x0000-0x0cf7 window]
[    1.324012] pci_bus 0000:00: root bus resource [io  0x0d00-0xffff window]
[    1.328004] pci_bus 0000:00: root bus resource [mem 0x000a0000-0x000bffff window]
[    1.332007] pci_bus 0000:00: root bus resource [mem 0x40000000-0xfdffffff window]
[    1.336008] pci_bus 0000:00: root bus resource [bus 00-ff]
[    1.361982] pci 0000:00:01.1: legacy IDE quirk: reg 0x10: [io  0x01f0-0x01f7]
[    1.364013] pci 0000:00:01.1: legacy IDE quirk: reg 0x14: [io  0x03f6]
[    1.368011] pci 0000:00:01.1: legacy IDE quirk: reg 0x18: [io  0x0170-0x0177]
[    1.372010] pci 0000:00:01.1: legacy IDE quirk: reg 0x1c: [io  0x0376]
[    1.464108] pci 0000:00:07.0: quirk: [io  0x4000-0x403f] claimed by PIIX4 ACPI
[    1.468046] pci 0000:00:07.0: quirk: [io  0x4100-0x410f] claimed by PIIX4 SMB
[    1.505860] ACPI: PCI Interrupt Link [LNKA] (IRQs 5 9 10 *11)
[    1.524401] ACPI: PCI Interrupt Link [LNKB] (IRQs 5 9 *10 11)
[    1.537247] ACPI: PCI Interrupt Link [LNKC] (IRQs 5 *9 10 11)
[    1.552647] ACPI: PCI Interrupt Link [LNKD] (IRQs 5 9 10 *11)
[    1.569939] ACPI: Enabled 2 GPEs in block 00 to 07
[    1.572679] vgaarb: setting as boot device: PCI:0000:00:02.0
[    1.576000] vgaarb: device added: PCI:0000:00:02.0,decodes=io+mem,owns=io+mem,locks=none
[    1.576017] vgaarb: loaded
[    1.580014] vgaarb: bridge control possible 0000:00:02.0
[    1.585059] SCSI subsystem initialized
[    1.592111] ACPI: bus type USB registered
[    1.596055] usbcore: registered new interface driver usbfs
[    1.600069] usbcore: registered new interface driver hub
[    1.604060] usbcore: registered new device driver usb
[    1.612187] PCI: Using ACPI for IRQ routing
[    1.617168] NetLabel: Initializing
[    1.620008] NetLabel:  domain hash size = 128
[    1.624006] NetLabel:  protocols = UNLABELED CIPSOv4
[    1.628043] NetLabel:  unlabeled traffic allowed by default
[    1.632425] amd_nb: Cannot enumerate AMD northbridges
[    1.636639] clocksource: Switched to clocksource kvm-clock
[    1.652377] AppArmor: AppArmor Filesystem Enabled
[    1.652377] pnp: PnP ACPI init
[    1.652377] pnp: PnP ACPI: found 3 devices
[    1.859499] clocksource: acpi_pm: mask: 0xffffff max_cycles: 0xffffff, max_idle_ns: 2085701024 ns
[    1.874081] NET: Registered protocol family 2
[    1.883973] TCP established hash table entries: 8192 (order: 4, 65536 bytes)
[    1.898613] TCP bind hash table entries: 8192 (order: 5, 131072 bytes)
[    1.901886] TCP: Hash tables configured (established 8192 bind 8192)
[    1.901886] UDP hash table entries: 512 (order: 2, 16384 bytes)
[    1.901886] UDP-Lite hash table entries: 512 (order: 2, 16384 bytes)
[    1.901886] NET: Registered protocol family 1
[    1.901886] pci 0000:00:00.0: Limiting direct PCI/PCI transfers
[    1.901886] pci 0000:00:01.0: Activating ISA DMA hang workarounds
[    1.901886] Unpacking initramfs...
[    2.873862] Freeing initrd memory: 14888K
[    2.873862] clocksource: tsc: mask: 0xffffffffffffffff max_cycles: 0x23fa754787d, max_idle_ns: 440795210092 ns
[    2.873862] platform rtc_cmos: registered platform RTC device (no PNP device found)
[    2.873862] Scanning for low memory corruption every 60 seconds
[    2.981127] audit: initializing netlink subsys (disabled)
[    2.997608] audit: type=2000 audit(1630287828.953:1): initialized
[    3.021830] Initialise system trusted keyring
[    3.044103] HugeTLB registered 2 MB page size, pre-allocated 0 pages
[    3.072286] zbud: loaded
[    3.083810] VFS: Disk quotas dquot_6.6.0
[    3.094152] VFS: Dquot-cache hash table entries: 512 (order 0, 4096 bytes)
[    3.097907] squashfs: version 4.0 (2009/01/31) Phillip Lougher
[    3.119662] fuse init (API version 7.23)
[    3.128982] Key type big_key registered
[    3.136070] Allocating IMA MOK and blacklist keyrings.
[    3.177325] Key type asymmetric registered
[    3.188846] Asymmetric key parser 'x509' registered
[    3.201978] Block layer SCSI generic (bsg) driver version 0.4 loaded (major 249)
[    3.218483] io scheduler noop registered
[    3.229492] io scheduler deadline registered (default)
[    3.236682] io scheduler cfq registered
[    3.245629] pci_hotplug: PCI Hot Plug PCI Core version: 0.5
[    3.260232] pciehp: PCI Express Hot Plug Controller Driver version: 0.4
[    3.277154] ACPI: AC Adapter [AC] (off-line)
[    3.288668] input: Power Button as /devices/LNXSYSTM:00/LNXPWRBN:00/input/input0
[    3.306643] ACPI: Power Button [PWRF]
[    3.318457] input: Sleep Button as /devices/LNXSYSTM:00/LNXSLPBN:00/input/input1
[    3.337065] ACPI: Sleep Button [SLPF]
[    3.349388] GHES: HEST is not enabled!
[    3.353249] ACPI: Battery Slot [BAT0] (battery present)
[    3.364538] Serial: 8250/16550 driver, 32 ports, IRQ sharing enabled
[    3.409341] 00:02: ttyS0 at I/O 0x3f8 (irq = 4, base_baud = 115200) is a 16550A
[    3.478937] Linux agpgart interface v0.103
[    3.520329] loop: module loaded
[    3.528699] scsi host0: ata_piix
[    3.538686] scsi host1: ata_piix
[    3.542564] ata1: PATA max UDMA/33 cmd 0x1f0 ctl 0x3f6 bmdma 0xd000 irq 14
[    3.542564] ata2: PATA max UDMA/33 cmd 0x170 ctl 0x376 bmdma 0xd008 irq 15
[    3.570320] libphy: Fixed MDIO Bus: probed
[    3.584475] tun: Universal TUN/TAP device driver, 1.6
[    3.597427] tun: (C) 1999-2004 Max Krasnyansky <maxk@qualcomm.com>
[    3.613312] PPP generic driver version 2.4.2
[    3.625316] ehci_hcd: USB 2.0 'Enhanced' Host Controller (EHCI) Driver
[    3.639308] ehci-pci: EHCI PCI platform driver
[    3.650996] ehci-platform: EHCI generic platform driver
[    3.663728] ohci_hcd: USB 1.1 'Open' Host Controller (OHCI) Driver
[    3.678254] ohci-pci: OHCI PCI platform driver
[    3.690008] ohci-platform: OHCI generic platform driver
[    3.693872] uhci_hcd: USB Universal Host Controller Interface driver
[    3.693872] i8042: PNP: PS/2 Controller [PNP0303:PS2K,PNP0f03:PS2M] at 0x60,0x64 irq 1,12
[    3.737018] serio: i8042 KBD port at 0x60,0x64 irq 1
[    3.750683] serio: i8042 AUX port at 0x60,0x64 irq 12
[    3.856912] mousedev: PS/2 mouse device common for all mice
[    3.879854] rtc_cmos rtc_cmos: rtc core: registered rtc_cmos as rtc0
[    3.896649] rtc_cmos rtc_cmos: alarms up to one day, 114 bytes nvram
[    3.911128] i2c /dev entries driver
[    3.922326] device-mapper: uevent: version 1.0.3
[    3.949871] device-mapper: ioctl: 4.34.0-ioctl (2015-10-28) initialised: dm-devel@redhat.com
[    3.984746] ledtrig-cpu: registered to indicate activity on CPUs
[    3.985188] input: AT Translated Set 2 keyboard as /devices/platform/i8042/serio0/input/input2
[    4.027987] NET: Registered protocol family 10
[    4.041345] NET: Registered protocol family 17
[    4.053623] Key type dns_resolver registered
[    4.063688] registered taskstats version 1
[    4.072772] Loading compiled-in X.509 certificates
[    4.086228] Loaded X.509 cert 'Build time autogenerated kernel key: cf00e047681d67edb2720680708b7d9498083038'
[    4.108320] zswap: loaded using pool lzo/zbud
[    4.130162] Key type trusted registered
[    4.153981] Key type encrypted registered
[    4.165632] AppArmor: AppArmor sha1 policy hashing enabled
[    4.177466] ima: No TPM chip found, activating TPM-bypass!
[    4.186557] ima: Allocated hash algorithm: sha1
[    4.197441] evm: HMAC attrs: 0x1
[    4.209837]   Magic number: 1:56:712
[    4.219417] rtc_cmos rtc_cmos: setting system clock to 2021-08-30 01:43:45 UTC (1630287825)
[    4.237157] BIOS EDD facility v0.16 2004-Jun-25, 0 devices found
[    4.251870] EDD information not available.
[    4.264002] Freeing unused kernel memory: 1492K
[    4.280841] Write protecting the kernel read-only data: 14336k
[    4.293384] Freeing unused kernel memory: 1584K
[    4.303434] Freeing unused kernel memory: 52K
Loading, please wait...
starting version 229
[    4.378708] random: systemd-udevd: uninitialized urandom read (16 bytes read, 6 bits of entropy available)
[    4.378729] random: udevadm: uninitialized urandom read (16 bytes read, 6 bits of entropy available)
[    4.378780] random: udevadm: uninitialized urandom read (16 bytes read, 6 bits of entropy available)
[    4.429167] random: udevadm: uninitialized urandom read (16 bytes read, 6 bits of entropy available)
[    4.429305] random: udevadm: uninitialized urandom read (16 bytes read, 6 bits of entropy available)
[    4.429967] random: udevadm: uninitialized urandom read (16 bytes read, 6 bits of entropy available)
[    4.430166] random: udevadm: uninitialized urandom read (16 bytes read, 6 bits of entropy available)
[    4.430367] random: udevadm: uninitialized urandom read (16 bytes read, 6 bits of entropy available)
[    4.430782] random: udevadm: uninitialized urandom read (16 bytes read, 6 bits of entropy available)
[    4.431039] random: udevadm: uninitialized urandom read (16 bytes read, 6 bits of entropy available)
[    4.738913] e1000: Intel(R) PRO/1000 Network Driver - version 7.3.21-k8-NAPI
[    4.757577] e1000: Copyright (c) 1999-2006 Intel Corporation.
[    4.781383] Fusion MPT base driver 3.04.20
[    4.798524] Copyright (c) 1999-2008 LSI Corporation
[    4.961904] Fusion MPT SPI Host driver 3.04.20
[    5.193119] input: ImExPS/2 Generic Explorer Mouse as /devices/platform/i8042/serio1/input/input4
[    6.183920] e1000 0000:00:03.0 eth0: (PCI:33MHz:32-bit) 02:a0:46:b5:71:eb
[    6.202224] e1000 0000:00:03.0 eth0: Intel(R) PRO/1000 Network Connection
[    7.444915] e1000 0000:00:08.0 eth1: (PCI:33MHz:32-bit) 08:00:27:f5:e0:a1
[    7.455522] e1000 0000:00:08.0 eth1: Intel(R) PRO/1000 Network Connection
[    7.471171] e1000 0000:00:03.0 enp0s3: renamed from eth0
[    7.485747] mptbase: ioc0: Initiating bringup
[    7.504986] e1000 0000:00:08.0 enp0s8: renamed from eth1
[    7.583102] ioc0: LSI53C1030 A0: Capabilities={Initiator}
[    7.823664] scsi host2: ioc0: LSI53C1030 A0, FwRev=00000000h, Ports=1, MaxQ=256, IRQ=20
[    7.959680] scsi 2:0:0:0: Direct-Access     VBOX     HARDDISK         1.0  PQ: 0 ANSI: 5
[    7.983632] scsi target2:0:0: Beginning Domain Validation
[    8.023257] scsi target2:0:0: Domain Validation skipping write tests
[    8.034248] scsi target2:0:0: Ending Domain Validation
[    8.041473] scsi target2:0:0: asynchronous
[    8.052935] scsi 2:0:1:0: Direct-Access     VBOX     HARDDISK         1.0  PQ: 0 ANSI: 5
[    8.065730] scsi target2:0:1: Beginning Domain Validation
[    8.084374] scsi target2:0:1: Domain Validation skipping write tests
[    8.092727] scsi target2:0:1: Ending Domain Validation
[    8.098502] scsi target2:0:1: asynchronous
[    8.182055] sd 2:0:0:0: Attached scsi generic sg0 type 0
[    8.186787] sd 2:0:0:0: [sda] 83886080 512-byte logical blocks: (42.9 GB/40.0 GiB)
[    8.189619] sd 2:0:0:0: [sda] Write Protect is off
[    8.191133] sd 2:0:0:0: [sda] Incomplete mode parameter data
[    8.191136] sd 2:0:0:0: [sda] Assuming drive cache: write through
[    8.271462] sd 2:0:1:0: Attached scsi generic sg1 type 0
[    8.273631] sd 2:0:1:0: [sdb] 20480 512-byte logical blocks: (10.5 MB/10.0 MiB)
[    8.276220] sd 2:0:1:0: [sdb] Write Protect is off
[    8.277920] sd 2:0:1:0: [sdb] Incomplete mode parameter data
[    8.277923] sd 2:0:1:0: [sdb] Assuming drive cache: write through
[    8.286209]  sda: sda1
[    8.294115] sd 2:0:0:0: [sda] Attached SCSI disk
[    8.305054] sd 2:0:1:0: [sdb] Attached SCSI disk
Begin: Loading essential drivers ... [   11.105160] md: linear personality registered for level -1
[   11.126986] md: multipath personality registered for level -4
[   11.153801] md: raid0 personality registered for level 0
[   11.206574] md: raid1 personality registered for level 1
[   11.440392] raid6: sse2x1   gen() 15708 MB/s
[   12.437489] raid6: sse2x1   xor() 61530 MB/s
[   14.438078] raid6: sse2x2   gen() 109621 MB/s
[   15.438675] raid6: sse2x2   xor() 71460 MB/s
[   16.434159] raid6: sse2x4   gen() 96985 MB/s
[   17.438386] raid6: sse2x4   xor() 64370 MB/s
[   17.451762] raid6: using algorithm sse2x2 gen() 109621 MB/s
[   17.465614] raid6: .... xor() 71460 MB/s, rmw enabled
[   17.477572] raid6: using ssse3x2 recovery algorithm
[   17.497426] xor: measuring software checksum speed
[   17.548526]    prefetch64-sse:  7081.000 MB/sec
[   17.625168]    generic_sse:  4735.000 MB/sec
[   17.635240] xor: using function: prefetch64-sse (7081.000 MB/sec)
[   17.651894] async_tx: api initialized (async)
[   17.722022] md: raid6 personality registered for level 6
[   17.729221] md: raid5 personality registered for level 5
[   17.735905] md: raid4 personality registered for level 4
[   17.783110] md: raid10 personality registered for level 10
done.
Begin: Running /scripts/init-premount ... done.
Begin: Mounting root file system ... Begin: Running /scripts/local-top ... done.
Begin: Running /scripts/local-premount ... [   17.995179] Btrfs loaded
Scanning for Btrfs filesystems
done.
Warning: fsck not present, so skipping root file system
[   18.302386] EXT4-fs (sda1): mounted filesystem with ordered data mode. Opts: (null)
done.
Begin: Running /scripts/local-bottom ... done.
Begin: Running /scripts/init-bottom ... done.
[   18.996729] systemd[1]: systemd 229 running in system mode. (+PAM +AUDIT +SELINUX +IMA +APPARMOR +SMACK +SYSVINIT +UTMP +LIBCRYPTSETUP +GCRYPT +GNUTLS +ACL +XZ -LZ4 +SECCOMP +BLKID +ELFUTILS +KMOD -IDN)
[   19.023421] systemd[1]: Detected virtualization oracle.
[   19.027176] systemd[1]: Detected architecture x86-64.

Welcome to [1mUbuntu 16.04.7 LTS[0m!

[   19.060692] systemd[1]: Set hostname to <ubuntu>.
[   19.081629] systemd[1]: Initializing machine ID from random generator.
[   19.095260] systemd[1]: Installed transient /etc/machine-id file.
[   19.518778] random: nonblocking pool is initialized
[   19.893083] systemd[1]: Listening on LVM2 metadata daemon socket.
[[0;32m  OK  [0m] Listening on LVM2 metadata daemon socket.
[   19.918257] systemd[1]: Listening on Journal Audit Socket.
[[0;32m  OK  [0m] Listening on Journal Audit Socket.
[   19.942127] systemd[1]: Listening on /dev/initctl Compatibility Named Pipe.
[[0;32m  OK  [0m] Listening on /dev/initctl Compatibility Named Pipe.
[   19.970335] systemd[1]: Listening on Device-mapper event daemon FIFOs.
[[0;32m  OK  [0m] Listening on Device-mapper event daemon FIFOs.
[   19.998975] systemd[1]: Listening on udev Kernel Socket.
[[0;32m  OK  [0m] Listening on udev Kernel Socket.
[   20.025558] systemd[1]: Listening on Journal Socket.
[[0;32m  OK  [0m] Listening on Journal Socket.
[   20.052014] systemd[1]: Set up automount Arbitrary Executable File Formats File System Automount Point.
[[0;32m  OK  [0m] Set up automount Arbitrary Executab...ats File System Automount Point.
[   20.091575] systemd[1]: Listening on LVM2 poll daemon socket.
[[0;32m  OK  [0m] Listening on LVM2 poll daemon socket.
[   20.122300] systemd[1]: Listening on fsck to fsckd communication Socket.
[[0;32m  OK  [0m] Listening on fsck to fsckd communication Socket.
[   20.150608] systemd[1]: Reached target User and Group Name Lookups.
[[0;32m  OK  [0m] Reached target User and Group Name Lookups.
[   20.178006] systemd[1]: Reached target Encrypted Volumes.
[[0;32m  OK  [0m] Reached target Encrypted Volumes.
[   20.202129] systemd[1]: Created slice User and Session Slice.
[[0;32m  OK  [0m] Created slice User and Session Slice.
[   20.227408] systemd[1]: Listening on udev Control Socket.
[[0;32m  OK  [0m] Listening on udev Control Socket.
[   20.254144] systemd[1]: Reached target Swap.
[[0;32m  OK  [0m] Reached target Swap.
[   20.275334] systemd[1]: Started Trigger resolvconf update for networkd DNS.
[[0;32m  OK  [0m] Started Trigger resolvconf update for networkd DNS.
[   20.306958] systemd[1]: Created slice System Slice.
[[0;32m  OK  [0m] Created slice System Slice.
[   20.353299] systemd[1]: Starting File System Check on Root Device...
         Starting File System Check on Root Device...
[   20.426781] systemd[1]: Starting Nameserver information manager...
         Starting Nameserver information manager...
[   20.572971] systemd[1]: Mounting Huge Pages File System...
         Mounting Huge Pages File System...
[   20.591155] systemd[1]: Starting Monitoring of LVM2 mirrors, snapshots etc. using dmeventd or progress polling...
         Starting Monitoring of LVM2 mirrors... dmeventd or progress polling...
[   20.616667] systemd[1]: Created slice system-serial\x2dgetty.slice.
[[0;32m  OK  [0m] Created slice system-serial\x2dgetty.slice.
[   20.630611] systemd[1]: Starting Create list of required static device nodes for the current kernel...
         Starting Create list of required st... nodes for the current kernel...
[   20.684652] systemd[1]: Mounting Debug File System...
         Mounting Debug File System...
[   20.716664] systemd[1]: Starting Load Kernel Modules...
         Starting Load Kernel Modules...
[   20.755387] systemd[1]: Starting Uncomplicated firewall...
         Starting Uncomplicated firewall...[   20.782281] Loading iSCSI transport class v2.0-870.

[   20.789770] systemd[1]: Reached target Slices.
[[0;32m  OK  [0m] Reached target Slices.
[   20.824097] systemd[1]: Listening on Syslog Socket.
[[0;32m  OK  [0m] [   20.851443] iscsi: registered transport (tcp)
Listening on Syslog Socket.
[   20.866840] systemd[1]: Reached target System Time Synchronized.
[[0;32m  OK  [0m] Reached target System Time Synchronized.
[   20.909507] systemd[1]: Starting Set console keymap...
         Starting Set console keymap...
[   20.947442] systemd[1]: Listening on Journal Socket (/dev/log).
[[0;32m  OK  [0m] Listening on Journal Socket (/dev/log).
[   20.988565] systemd[1]: Starting Journal Service...
         Starting Journal Service...
[   21.033415] systemd[1]: Started Forward Password Requests to Wall Directory Watch.
[[0;32m  OK  [0m] Started Forward Password Requests to Wall Directory Watch.
[   21.121893] systemd[1]: Mounting POSIX Message Queue File System...
         Mounting POSIX Message Queue File System...
[   21.185393] systemd[1]: Mounted POSIX Message Queue File System.
[[0;32m  OK  [0m] Mounted POSIX Message Queue File System.
[   21.228830] systemd[1]: Mounted Huge Pages File System.
[[0;32m  OK  [0m] Mounted Huge Pages File System.
[   21.251138] systemd[1]: Mounted Debug File System.
[[0;32m  OK  [0m] Mounted Debug File System.
[   21.271900] systemd[1]: Started Journal Service.
[[0;32m  OK  [0m] Started Journal Service.
[[0;32m  OK  [0m] Started File System Check on Root Device.
[   21.323556] iscsi: registered transport (iser)
[[0;32m  OK  [0m] Started Create list of required sta...ce nodes for the current kernel.
[[0;32m  OK  [0m] Started Load Kernel Modules.
[[0;32m  OK  [0m] Started Uncomplicated firewall.
[[0;32m  OK  [0m] Started Set console keymap.
[[0;32m  OK  [0m] Started Nameserver information manager.
[[0;32m  OK  [0m] Started File System Check Daemon to report status.
[[0;32m  OK  [0m] Started LVM2 metadata daemon.
         Mounting FUSE Control File System...
         Starting Apply Kernel Variables...
         Starting Create Static Device Nodes in /dev...
         Starting Remount Root and Kernel File Systems...
[[0;32m  OK  [0m] Mounted FUSE Control File System.
[[0;32m  OK  [0m] Started Apply Kernel Variables.
[[0;32m  OK  [0m] Started Remount Root and Kernel File Systems.
         Starting Load/Save Random Seed...
         Starting udev Coldplug all Devices...
         Starting Flush Journal to Persistent Storage...
[[0;32m  OK  [0m] Started Create Static Device Nodes in /dev.
[[0;32m  OK  [0m] Started Load/Save Random Seed.
         Starting udev Kernel Device Manager...
[[0;32m  OK  [0m] Started Monitoring of LVM2 mirrors,...ng dmeventd or progress polling.
[[0;32m  OK  [0m] Reached target Local File Systems (Pre).
[[0;32m  OK  [0m] Reached target Local File Systems.
         Starting LSB: AppArmor initialization...
         Starting Commit a transient machine-id on disk...
         Starting Tell Plymouth To Write Out Runtime Data...
         Starting Initial cloud-init job (pre-networking)...
         Starting Set console font and keymap...
[[0;32m  OK  [0m] Started Tell Plymouth To Write Out Runtime Data.
[[0;32m  OK  [0m] Started Commit a transient machine-id on disk.
[[0;32m  OK  [0m] Started Flush Journal to Persistent Storage.
         Starting Create Volatile Files and Directories...
[[0;32m  OK  [0m] Started udev Kernel Device Manager.
[[0;32m  OK  [0m] Started Create Volatile Files and Directories.
         Starting Update UTMP about System Boot/Shutdown...
[[0;32m  OK  [0m] Started Update UTMP about System Boot/Shutdown.
[[0;32m  OK  [0m] Started udev Coldplug all Devices.
[[0;32m  OK  [0m] Started Dispatch Password Requests to Console Directory Watch.
[[0;32m  OK  [0m] Found device /dev/ttyS0.
[[0;32m  OK  [0m] Listening on Load/Save RF Kill Switch Status /dev/rfkill Watch.
[   28.724930] cloud-init[473]: Cloud-init v. 21.1-19-gbad84ad4-0ubuntu1~16.04.2 running 'init-local' at Mon, 30 Aug 2021 01:44:08 +0000. Up 26.91 seconds.
[[0;32m  OK  [0m] Started Initial cloud-init job (pre-networking).
[[0;32m  OK  [0m] Started LSB: AppArmor initialization.
         Starting Load AppArmor profiles managed internally by snapd...
[[0;32m  OK  [0m] Reached target Network (Pre).
         Starting Raise network interfaces...
[[0;32m  OK  [0m] Started Load AppArmor profiles managed internally by snapd.
[[0;32m  OK  [0m] Started Set console font and keymap.
[[0;32m  OK  [0m] Created slice system-getty.slice.
[[0;32m  OK  [0m] Started Raise network interfaces.
[[0;32m  OK  [0m] Reached target Network.
         Starting Initial cloud-init job (metadata service crawler)...
[   37.152968] cloud-init[952]: Cloud-init v. 21.1-19-gbad84ad4-0ubuntu1~16.04.2 running 'init' at Mon, 30 Aug 2021 01:44:15 +0000. Up 34.23 seconds.
[   37.166621] cloud-init[952]: ci-info: ++++++++++++++++++++++++++++++++++++++Net device info+++++++++++++++++++++++++++++++++++++++
[   37.190697] cloud-init[952]: ci-info: +--------+-------+----------------------------+---------------+--------+-------------------+
[   37.203043] cloud-init[952]: ci-info: | Device |   Up  |          Address           |      Mask     | Scope  |     Hw-Address    |
[   37.219004] cloud-init[952]: ci-info: +--------+-------+----------------------------+---------------+--------+-------------------+
[   37.231333] cloud-init[952]: ci-info: | enp0s3 |  True |         10.0.2.15          | 255.255.255.0 | global | 02:a0:46:b5:71:eb |
[   37.243199] cloud-init[952]: ci-info: | enp0s3 |  True | fe80::a0:46ff:feb5:71eb/64 |       .       |  link  | 02:a0:46:b5:71:eb |
[   37.253317] cloud-init[952]: ci-info: | enp0s8 | False |             .              |       .       |   .    | 08:00:27:f5:e0:a1 |
[   37.261771] cloud-init[952]: ci-info: |   lo   |  True |         127.0.0.1          |   255.0.0.0   |  host  |         .         |
[   37.269824] cloud-init[952]: ci-info: |   lo   |  True |          ::1/128           |       .       |  host  |         .         |
[   37.278741] cloud-init[952]: ci-info: +--------+-------+----------------------------+---------------+--------+-------------------+
[   37.287639] cloud-init[952]: ci-info: +++++++++++++++++++++++++++Route IPv4 info++++++++++++++++++++++++++++
[   37.300539] cloud-init[952]: ci-info: +-------+-------------+----------+---------------+-----------+-------+
[   37.311204] cloud-init[952]: ci-info: | Route | Destination | Gateway  |    Genmask    | Interface | Flags |
[   37.323600] cloud-init[952]: ci-info: +-------+-------------+----------+---------------+-----------+-------+
[   37.335794] cloud-init[952]: ci-info: |   0   |   0.0.0.0   | 10.0.2.2 |    0.0.0.0    |   enp0s3  |   UG  |
[   37.346893] cloud-init[952]: ci-info: |   1   |   10.0.2.0  | 0.0.0.0  | 255.255.255.0 |   enp0s3  |   U   |
[   37.356273] cloud-init[952]: ci-info: +-------+-------------+----------+---------------+-----------+-------+
[   37.368036] cloud-init[952]: ci-info: +++++++++++++++++++Route IPv6 info+++++++++++++++++++
[   37.376887] cloud-init[952]: ci-info: +-------+-------------+---------+-----------+-------+
[   37.383972] cloud-init[952]: ci-info: | Route | Destination | Gateway | Interface | Flags |
[   37.392429] cloud-init[952]: ci-info: +-------+-------------+---------+-----------+-------+
[   37.399323] cloud-init[952]: ci-info: |   0   |  fe80::/64  |    ::   |   enp0s3  |   U   |
[   37.406757] cloud-init[952]: ci-info: |   3   |   ff00::/8  |    ::   |   enp0s3  |   U   |
[   37.414218] cloud-init[952]: ci-info: +-------+-------------+---------+-----------+-------+
[   37.421870] cloud-init[952]: Generating public/private rsa key pair.
[   37.428426] cloud-init[952]: Your identification has been saved in /etc/ssh/ssh_host_rsa_key.
[   37.435718] cloud-init[952]: Your public key has been saved in /etc/ssh/ssh_host_rsa_key.pub.
[   37.443819] cloud-init[952]: The key fingerprint is:
[   37.452939] cloud-init[952]: SHA256:tpMMIjRTOBQvHNu8M4GKFBLRdA/JquiWCRSj7/bL5Q0 root@ubuntu-xenial
[   37.465811] cloud-init[952]: The key's randomart image is:
[   37.472120] cloud-init[952]: +---[RSA 2048]----+
[   37.481545] cloud-init[952]: |+B=++.           |
[   37.488692] cloud-init[952]: |.+=Xoo           |
[   37.498090] cloud-init[952]: |..@o= .          |
[   37.499928] cloud-init[952]: |++.+ o           |
[   37.502385] cloud-init[952]: |=o. = . S        |
[   37.505681] cloud-init[952]: |+ .. + + o       |
[[   37.512706] cloud-init[952]: |o.o   E =        |
[   37.514696] cloud-init[952]: | =o. o o .       |
[   37.518396] cloud-init[952]: |.. .+.. .        |
[   37.518600] cloud-init[952]: +----[SHA256]-----+
[   37.519460] cloud-init[952]: Generating public/private dsa key pair.
[   37.520969] cloud-init[952]: Your identification has been saved in /etc/ssh/ssh_host_dsa_key.
[   37.521766] cloud-init[952]: Your public key has been saved in /etc/ssh/ssh_host_dsa_key.pub.
[   37.522604] cloud-init[952]: The key fingerprint is:
[   37.525300] cloud-init[952]: SHA256:e/za1F60sdBCoUF63og7e9jueVBJfGuvrUWx576WUPg root@ubuntu-xenial
[   37.526351] cloud-init[952]: The key's randomart image is:
[   37.528504] cloud-init[952]: +---[DSA 1024]----+
[   37.529414] cloud-init[952]: |          .o..   |
[   37.529969] cloud-init[952]: |          . oo.. |
[   37.530587] cloud-init[952]: |         . o..+..|
[   37.531171] cloud-init[952]: |          + ++.+o|
[   37.532074] cloud-init[952]: |        S. o.+++=|
[   37.533721] cloud-init[952]: |         o.. ooE*|
[   37.534379] cloud-init[952]: |        .o= o o==|
[   37.535012] cloud-init[952]: |         oo*.o.*.|
[   37.535639] cloud-init[952]: |         .==+ +oo|
[   37.537030] cloud-init[952]: +----[SHA256]-----+
[   37.537518] cloud-init[952]: Generating public/private ecdsa key pair.
[   37.538140] cloud-init[952]: Your identification has been saved in /etc/ssh/ssh_host_ecdsa_key.
[   37.538905] cloud-init[952]: Your public key has been saved in /etc/ssh/ssh_host_ecdsa_key.pub.
[   37.541665] cloud-init[952]: The key fingerprint is:
[   37.543095] cloud-init[952]: SHA256:NqyOdH/c0h+TmrhVC+6/8zm6cm48zU6F0wTqQ8GxUsI root@ubuntu-xenial
[   37.543767] cloud-init[952]: The key's randomart image is:
[   37.545133] cloud-init[952]: +---[ECDSA 256]---+
[   37.545592] cloud-init[952]: |         ...+..  |
[   37.546445] cloud-init[952]: |          Eo.+ . |
[   37.546794] cloud-init[952]: |          . +   .|
[   37.547249] cloud-init[952]: |       .   +   + |
[   37.547789] cloud-init[952]: |        S   + + o|
[   37.548541] cloud-init[952]: |       o . . + +.|
[   37.548863] cloud-init[952]: |    . o  . o+ B. |
[   37.549397] cloud-init[952]: |   . + .  +=oBo*.|
[   37.549865] cloud-init[952]: |    . . ..ooO*O*o|
[   37.550334] cloud-init[952]: +----[SHA256]-----+
[   37.550935] cloud-init[952]: Generating public/private ed25519 key pair.
[   37.551411] cloud-init[952]: Your identification has been saved in /etc/ssh/ssh_host_ed25519_key.
[   37.551956] cloud-init[952]: Your public key has been saved in /etc/ssh/ssh_host_ed25519_key.pub.
[   37.553387] cloud-init[952]: The key fingerprint is:
[   37.553804] cloud-init[952]: SHA256:7Zlg3zz96w1Vw3GY1VW1OnegJ9SFsl2HPfPC8NbO1F8 root@ubuntu-xenial
[   37.554428] cloud-init[952]: The key's randomart image is:
[   37.554931] cloud-init[952]: +--[ED25519 256]--+
[   37.555472] cloud-init[952]: |               O%|
[   37.555912] cloud-init[952]: |            o.*+O|
[   37.561440] cloud-init[952]: |            .Bo*B|
[   37.562314] cloud-init[952]: |         . ...B.E|
[   37.562578] cloud-init[952]: |        S . o+.*=|
[   37.563082] cloud-init[952]: |       . + = +o.=|
[   37.564133] cloud-init[952]: |          = + o  |
[   37.564848] cloud-init[952]: |             . o.|
[   37.565305] cloud-init[952]: |              .o+|
[   37.565822] cloud-init[952]: +----[SHA256]-----+
[0;32m  OK  [0m] Started Initial cloud-init job (metadata service crawler).
[[0;32m  OK  [0m] Reached target Cloud-config availability.
[[0;32m  OK  [0m] Reached target Network is Online.
         Starting iSCSI initiator daemon (iscsid)...
[[0;32m  OK  [0m] Reached target System Initialization.
[[0;32m  OK  [0m] Started Message of the Day.
[[0;32m  OK  [0m] Started Ubuntu Advantage update messaging.
[[0;32m  OK  [0m] Started Daily Cleanup of Temporary Directories.
[[0;32m  OK  [0m] Started Daily apt download activities.
[[0;32m  OK  [0m] Started Daily apt upgrade and clean activities.
         Starting Socket activation for snappy daemon.
[[0;32m  OK  [0m] Listening on D-Bus System Message Bus Socket.
[[0;32m  OK  [0m] Listening on ACPID Listen Socket.
[[0;32m  OK  [0m] Listening on UUID daemon activation socket.
[[0;32m  OK  [0m] Reached target Timers.
         Starting LXD - unix socket.
[[0;32m  OK  [0m] Started ACPI Events Check.
[[0;32m  OK  [0m] Reached target Paths.
[[0;32m  OK  [0m] Listening on Socket activation for snappy daemon.
[[0;32m  OK  [0m] Listening on LXD - unix socket.
[[0;32m  OK  [0m] Started iSCSI initiator daemon (iscsid).
         Starting Login to default iSCSI targets...
[[0;32m  OK  [0m] Reached target Sockets.
[[0;32m  OK  [0m] Reached target Basic System.
[[0;32m  OK  [0m] Started D-Bus System Message Bus.
         Starting Virtualbox guest utils...
         Starting /etc/rc.local Compatibility...
         Starting Login Service...
         Starting LSB: MD monitoring daemon...
[[0;32m  OK  [0m] Started Regular background program processing daemon.
[[0;32m  OK  [0m] Started FUSE filesystem for LXC.
         Starting LXD - container startup/shutdown...
[[0;32m  OK  [0m] Started ACPI event daemon.
         Starting Pollinate to seed the pseudo random number generator...
         Starting Snap Daemon...
[[0;32m  OK  [0m] Started Deferred execution scheduler.
         Starting LSB: Record successful boot for GRUB...
         Starting System Logging Service...
         Starting Accounts Service...
[[0;32m  OK  [0m] Started /etc/rc.local Compatibility.
[[0;32m  OK  [0m] Started Login Service.
[[0;32m  OK  [0m] Started System Logging Service.
[[0;32m  OK  [0m] Started LSB: Record successful boot for GRUB.
[[0;32m  OK  [0m] Started Unattended Upgrades Shutdown.
[[0;32m  OK  [0m] Started LSB: MD monitoring daemon.
[[0;32m  OK  [0m] Started Login to default iSCSI targets.
[[0;32m  OK  [0m] Reached target Remote File Systems (Pre).
[[0;32m  OK  [0m] Reached target Remote File Systems.
         Starting LSB: Set the CPU Frequency Scaling governor to "ondemand"...
         Starting LSB: daemon to balance interrupts for SMP systems...
         Starting Permit User Sessions...
         Starting LSB: automatic crash report generation...
         Starting Authenticate and Authorize Users to Run Privileged Tasks...
[[0;32m  OK  [0m] Started Permit User Sessions.
         Starting Terminate Plymouth Boot Screen...
         Starting Hold until boot process finishes up...
[[0;32m  OK  [0m] Started Terminate Plymouth Boot Screen.
[[0;32m  OK  [0m] Started Hold until boot process finishes up.
[[0;32m  OK  [0m] Started Serial Getty on ttyS0.
[[0;32m  OK  [0m] Started Getty on tty1.
[[0;32m  OK  [0m] Reached target Login Prompts.
         Starting Set console scheme...
[[0;32m  OK  [0m] Started LSB: Set the CPU Frequency Scaling governor to "ondemand".
[[0;32m  OK  [0m] Started Virtualbox guest utils.
[[0;32m  OK  [0m] Started LSB: daemon to balance interrupts for SMP systems.
[[0;32m  OK  [0m] Started Set console scheme.
[[0;32m  OK  [0m] Started Authenticate and Authorize Users to Run Privileged Tasks.
[[0;32m  OK  [0m] Started Accounts Service.
[[0;32m  OK  [0m] Started LXD - container startup/shutdown.
[[0;32m  OK  [0m] Started LSB: automatic crash report generation.
[[0;32m  OK  [0m] Started Snap Daemon.
         Starting Wait until snapd is fully seeded...
[[0;32m  OK  [0m] Started Pollinate to seed the pseudo random number generator.
         Starting OpenBSD Secure Shell server...
[[0;32m  OK  [0m] Started OpenBSD Secure Shell server.
[[0;32m  OK  [0m] Created slice User Slice of vagrant.
         Starting User Manager for UID 1000...
[[0;32m  OK  [0m] Started Session 1 of user vagrant.
[[0;32m  OK  [0m] Started User Manager for UID 1000.

Ubuntu 16.04.7 LTS ubuntu-xenial ttyS0

ubuntu-xenial login: [   50.436826] cloud-init[1556]: Generating locales (this might take a while)...
[   54.468044] cloud-init[1556]:   en_US.UTF-8... done
[   54.475812] cloud-init[1556]: Generation complete.
[   55.720770] cloud-init[1556]: Cloud-init v. 21.1-19-gbad84ad4-0ubuntu1~16.04.2 running 'modules:config' at Mon, 30 Aug 2021 01:44:31 +0000. Up 50.15 seconds.
ci-info: no authorized SSH keys fingerprints found for user ubuntu.
<14>Aug 30 01:44:38 ec2: 
<14>Aug 30 01:44:38 ec2: #############################################################
<14>Aug 30 01:44:38 ec2: -----BEGIN SSH HOST KEY FINGERPRINTS-----
<14>Aug 30 01:44:38 ec2: 1024 SHA256:e/za1F60sdBCoUF63og7e9jueVBJfGuvrUWx576WUPg root@ubuntu-xenial (DSA)
<14>Aug 30 01:44:38 ec2: 256 SHA256:NqyOdH/c0h+TmrhVC+6/8zm6cm48zU6F0wTqQ8GxUsI root@ubuntu-xenial (ECDSA)
<14>Aug 30 01:44:38 ec2: 256 SHA256:7Zlg3zz96w1Vw3GY1VW1OnegJ9SFsl2HPfPC8NbO1F8 root@ubuntu-xenial (ED25519)
<14>Aug 30 01:44:38 ec2: 2048 SHA256:tpMMIjRTOBQvHNu8M4GKFBLRdA/JquiWCRSj7/bL5Q0 root@ubuntu-xenial (RSA)
<14>Aug 30 01:44:38 ec2: -----END SSH HOST KEY FINGERPRINTS-----
<14>Aug 30 01:44:38 ec2: #############################################################
-----BEGIN SSH HOST KEY KEYS-----
ecdsa-sha2-nistp256 AAAAE2VjZHNhLXNoYTItbmlzdHAyNTYAAAAIbmlzdHAyNTYAAABBBCCnODvywTWsW4rRajIngcFviUEg/emoyl6vPGOLdekF6WPj64S/gzj3QUkpsvPwKvKYkgfkRv0vWUhuIece+FE= root@ubuntu-xenial
ssh-ed25519 AAAAC3NzaC1lZDI1NTE5AAAAIOUu8KXPo2AT/0sXl8n1lURPK+hsHqHPVQITj9eU61Kt root@ubuntu-xenial
ssh-rsa AAAAB3NzaC1yc2EAAAADAQABAAABAQCbGA1+CvbtY4kiz9kVvL58s8BFBRbBRL3k5uXhuEjXAMHiHb1FElf/Gqrs1Mj+ksgpROyq05iJF3q5fYvV9V0bpXhyALtHFvQXT5zq2JmBIU4X6Hni6yu6FKamm3appe4epsGOg+iGDVcOrdHVh+EiGadzd1yvL18dl1hH1vcrACVy3a+Cr4ULplyN6yN5TNX3ViDL1ZzpIq0nyTuOlFod8YDFDbrm0SJu7tl+aqb862tDSq6YBB3QrDhfvbMdZTXkuKenzPlx1InzixjreyWPD0xcz8CU/92BSz/4/gM0Q2edHhVawi7w0huykaSLqGocwWDHXcG7kpS6x+jmlK8P root@ubuntu-xenial
-----END SSH HOST KEY KEYS-----
[   57.374491] cloud-init[1959]: Cloud-init v. 21.1-19-gbad84ad4-0ubuntu1~16.04.2 running 'modules:final' at Mon, 30 Aug 2021 01:44:37 +0000. Up 56.70 seconds.
[   57.374851] cloud-init[1959]: ci-info: no authorized SSH keys fingerprints found for user ubuntu.
[   57.376611] cloud-init[1959]: Cloud-init v. 21.1-19-gbad84ad4-0ubuntu1~16.04.2 finished at Mon, 30 Aug 2021 01:44:38 +0000. Datasource DataSourceNoCloud [seed=/dev/sdb][dsmode=net].  Up 57.36 seconds
